\BOOKMARK [1][-]{section.1}{Introduction}{}% 1
\BOOKMARK [2][-]{subsection.1.1}{Style}{section.1}% 2
\BOOKMARK [2][-]{subsection.1.2}{Retrieval of style files}{section.1}% 3
\BOOKMARK [1][-]{section.2}{Previous Work}{}% 4
\BOOKMARK [1][-]{section.3}{Architecture}{}% 5
\BOOKMARK [2][-]{subsection.3.1}{Absolute Value Function}{section.3}% 6
\BOOKMARK [2][-]{subsection.3.2}{Constraints}{section.3}% 7
\BOOKMARK [3][-]{subsubsection.3.2.1}{Limited [-1, 1] range}{subsection.3.2}% 8
\BOOKMARK [3][-]{subsubsection.3.2.2}{Two complementary types of gradient clipping}{subsection.3.2}% 9
\BOOKMARK [2][-]{subsection.3.3}{Architectural variations}{section.3}% 10
\BOOKMARK [3][-]{subsubsection.3.3.1}{Input masking \(\215Poor man\220s gate\216\)}{subsection.3.3}% 11
\BOOKMARK [1][-]{section.4}{Experiments}{}% 12
\BOOKMARK [2][-]{subsection.4.1}{Pathological Sequence Problems}{section.4}% 13
\BOOKMARK [3][-]{subsubsection.4.1.1}{Pathological Adding}{subsection.4.1}% 14
\BOOKMARK [3][-]{subsubsection.4.1.2}{Pathological Multiplication}{subsection.4.1}% 15
\BOOKMARK [3][-]{subsubsection.4.1.3}{Pathological XOR}{subsection.4.1}% 16
\BOOKMARK [2][-]{subsection.4.2}{Sequential Parity}{section.4}% 17
\BOOKMARK [2][-]{subsection.4.3}{Facebook bAbI Question-Answering}{section.4}% 18
\BOOKMARK [1][-]{section.5}{Discussion}{}% 19
\BOOKMARK [2][-]{subsection.5.1}{Future Work}{section.5}% 20
\BOOKMARK [1][-]{section.6}{Conclusion}{}% 21
